2023-11-02 22:33:50 - BasePage_2023-11-02_22-33-40 - INFO: Locator Type Found: id With Locator Value: com.skill2lead.appiumdemo:id/Login
2023-11-02 22:33:50 - BasePage_2023-11-02_22-33-40 - INFO: Clicked on Element with Locator Type Found: id With Locator Value: com.skill2lead.appiumdemo:id/Login
2023-11-02 22:33:51 - BasePage_2023-11-02_22-33-40 - INFO: Locator Type Found: text With Locator Value: Enter Email
2023-11-02 22:33:52 - BasePage_2023-11-02_22-33-40 - INFO: Send Text to Element with Locator Type Found: text With Locator Value: Enter Email
2023-11-02 22:33:52 - BasePage_2023-11-02_22-33-40 - INFO: Locator Type Found: text With Locator Value: Enter Password
2023-11-02 22:33:53 - BasePage_2023-11-02_22-33-40 - INFO: Send Text to Element with Locator Type Found: text With Locator Value: Enter Password
2023-11-02 22:34:19 - BasePage_2023-11-02_22-33-40 - INFO: Locator Type Not Found id With Locator Valueid
2023-11-02 22:34:19 - BasePage_2023-11-02_22-33-40 - INFO: Unable to Click on Locator: id With Locator Value:com.skill2lead.appiumdemo:id/Login
2023-11-02 22:34:44 - BasePage_2023-11-02_22-33-40 - INFO: Locator Type Not Found text With Locator Valuetext
2023-11-02 22:34:44 - BasePage_2023-11-02_22-33-40 - INFO: Unable to Send Text on Locator: textWith Locator Value:Enter Admin
2023-11-02 22:34:45 - BasePage_2023-11-02_22-33-40 - INFO: Locator Type Found: id With Locator Value: com.skill2lead.appiumdemo:id/Login
2023-11-02 22:34:45 - BasePage_2023-11-02_22-33-40 - INFO: Clicked on Element with Locator Type Found: id With Locator Value: com.skill2lead.appiumdemo:id/Login
2023-11-02 22:34:47 - BasePage_2023-11-02_22-33-40 - INFO: Locator Type Found: text With Locator Value: Enter Email
2023-11-02 22:34:47 - BasePage_2023-11-02_22-33-40 - INFO: Send Text to Element with Locator Type Found: text With Locator Value: Enter Email
2023-11-02 22:34:48 - BasePage_2023-11-02_22-33-40 - INFO: Locator Type Found: text With Locator Value: Enter Password
2023-11-02 22:34:48 - BasePage_2023-11-02_22-33-40 - INFO: Send Text to Element with Locator Type Found: text With Locator Value: Enter Password
2023-11-02 22:35:11 - BasePage_2023-11-02_22-33-40 - INFO: Locator Type Not Found id With Locator Valueid
2023-11-02 22:35:11 - BasePage_2023-11-02_22-33-40 - INFO: Unable to Click on Locator: id With Locator Value:com.skill2lead.appiumdemo:id/Login
2023-11-02 22:35:11 - BasePage_2023-11-02_22-33-40 - INFO: Locator Type Not Found text With Locator Valuetext
2023-11-02 22:35:11 - BasePage_2023-11-02_22-33-40 - INFO: Unable to Send Text on Locator: textWith Locator Value:Enter Admin
2023-11-02 22:35:11 - BasePage_2023-11-02_22-33-40 - INFO: Locator Type Not Found id With Locator Valueid
2023-11-02 22:35:11 - BasePage_2023-11-02_22-33-40 - INFO: Unable to Send Text on Locator: idWith Locator Value: 	com.skill2lead.appiumdemo:id/Edt_admin
