2023-11-03 13:01:24 - BasePage_2023-11-03_13-01-14 - INFO: Locator Type Found: id With Locator Value: com.skill2lead.appiumdemo:id/Login
2023-11-03 13:01:24 - BasePage_2023-11-03_13-01-14 - INFO: Clicked on Element with Locator Type Found: id With Locator Value: com.skill2lead.appiumdemo:id/Login
2023-11-03 13:01:24 - BasePage_2023-11-03_13-01-14 - INFO: Locator Type Found: text With Locator Value: Enter Email
2023-11-03 13:01:25 - BasePage_2023-11-03_13-01-14 - INFO: Send Text to Element with Locator Type Found: text With Locator Value: Enter Email
2023-11-03 13:01:26 - BasePage_2023-11-03_13-01-14 - INFO: Locator Type Found: text With Locator Value: Enter Password
2023-11-03 13:01:26 - BasePage_2023-11-03_13-01-14 - INFO: Send Text to Element with Locator Type Found: text With Locator Value: Enter Password
2023-11-03 13:01:27 - BasePage_2023-11-03_13-01-14 - INFO: Locator Type Found: text With Locator Value: LOGIN
2023-11-03 13:01:27 - BasePage_2023-11-03_13-01-14 - INFO: Clicked on Element with Locator Type Found: text With Locator Value: LOGIN
2023-11-03 13:01:52 - BasePage_2023-11-03_13-01-14 - INFO: Locator Type Not Found text With Locator Valuetext
2023-11-03 13:01:52 - BasePage_2023-11-03_13-01-14 - INFO: Unable to Send Text on Locator: textWith Locator Value:Enter Admin
2023-11-03 13:01:53 - BasePage_2023-11-03_13-01-14 - INFO: Locator Type Found: id With Locator Value: com.skill2lead.appiumdemo:id/Login
2023-11-03 13:01:53 - BasePage_2023-11-03_13-01-14 - INFO: Clicked on Element with Locator Type Found: id With Locator Value: com.skill2lead.appiumdemo:id/Login
2023-11-03 13:01:54 - BasePage_2023-11-03_13-01-14 - INFO: Locator Type Found: text With Locator Value: Enter Email
2023-11-03 13:01:54 - BasePage_2023-11-03_13-01-14 - INFO: Send Text to Element with Locator Type Found: text With Locator Value: Enter Email
2023-11-03 13:01:55 - BasePage_2023-11-03_13-01-14 - INFO: Locator Type Found: text With Locator Value: Enter Password
2023-11-03 13:01:55 - BasePage_2023-11-03_13-01-14 - INFO: Send Text to Element with Locator Type Found: text With Locator Value: Enter Password
2023-11-03 13:01:56 - BasePage_2023-11-03_13-01-14 - INFO: Locator Type Found: text With Locator Value: LOGIN
2023-11-03 13:01:56 - BasePage_2023-11-03_13-01-14 - INFO: Clicked on Element with Locator Type Found: text With Locator Value: LOGIN
2023-11-03 13:01:57 - BasePage_2023-11-03_13-01-14 - INFO: Locator Type Found: text With Locator Value: Enter Admin
2023-11-03 13:01:57 - BasePage_2023-11-03_13-01-14 - INFO: Send Text to Element with Locator Type Found: text With Locator Value: Enter Admin
2023-11-03 13:01:57 - BasePage_2023-11-03_13-01-14 - INFO: Locator Type Found: id With Locator Value: com.skill2lead.appiumdemo:id/Edt_admin
2023-11-03 13:01:58 - BasePage_2023-11-03_13-01-14 - INFO: Send Text to Element with Locator Type Found: id With Locator Value: com.skill2lead.appiumdemo:id/Edt_admin
2023-11-03 13:01:58 - BasePage_2023-11-03_13-01-14 - INFO: Locator Type Found: text With Locator Value: SUBMIT
2023-11-03 13:01:58 - BasePage_2023-11-03_13-01-14 - INFO: Clicked on Element with Locator Type Found: text With Locator Value: SUBMIT
