2023-11-02 22:35:27 - BasePage_2023-11-02_22-35-16 - INFO: Locator Type Found: id With Locator Value: com.skill2lead.appiumdemo:id/Login
2023-11-02 22:35:27 - BasePage_2023-11-02_22-35-16 - INFO: Clicked on Element with Locator Type Found: id With Locator Value: com.skill2lead.appiumdemo:id/Login
2023-11-02 22:35:28 - BasePage_2023-11-02_22-35-16 - INFO: Locator Type Found: text With Locator Value: Enter Email
2023-11-02 22:35:29 - BasePage_2023-11-02_22-35-16 - INFO: Send Text to Element with Locator Type Found: text With Locator Value: Enter Email
2023-11-02 22:35:29 - BasePage_2023-11-02_22-35-16 - INFO: Locator Type Found: text With Locator Value: Enter Password
2023-11-02 22:35:30 - BasePage_2023-11-02_22-35-16 - INFO: Send Text to Element with Locator Type Found: text With Locator Value: Enter Password
2023-11-02 22:35:30 - BasePage_2023-11-02_22-35-16 - INFO: Locator Type Not Found id With Locator Valueid
2023-11-02 22:35:30 - BasePage_2023-11-02_22-35-16 - INFO: Unable to Click on Locator: id With Locator Value:LOGIN
2023-11-02 22:35:56 - BasePage_2023-11-02_22-35-16 - INFO: Locator Type Not Found text With Locator Valuetext
2023-11-02 22:35:56 - BasePage_2023-11-02_22-35-16 - INFO: Unable to Send Text on Locator: textWith Locator Value:Enter Admin
2023-11-02 22:35:57 - BasePage_2023-11-02_22-35-16 - INFO: Locator Type Found: id With Locator Value: com.skill2lead.appiumdemo:id/Login
2023-11-02 22:35:57 - BasePage_2023-11-02_22-35-16 - INFO: Clicked on Element with Locator Type Found: id With Locator Value: com.skill2lead.appiumdemo:id/Login
2023-11-02 22:35:58 - BasePage_2023-11-02_22-35-16 - INFO: Locator Type Found: text With Locator Value: Enter Email
2023-11-02 22:35:59 - BasePage_2023-11-02_22-35-16 - INFO: Send Text to Element with Locator Type Found: text With Locator Value: Enter Email
2023-11-02 22:36:00 - BasePage_2023-11-02_22-35-16 - INFO: Locator Type Found: text With Locator Value: Enter Password
2023-11-02 22:36:00 - BasePage_2023-11-02_22-35-16 - INFO: Send Text to Element with Locator Type Found: text With Locator Value: Enter Password
2023-11-02 22:36:00 - BasePage_2023-11-02_22-35-16 - INFO: Locator Type Not Found id With Locator Valueid
2023-11-02 22:36:00 - BasePage_2023-11-02_22-35-16 - INFO: Unable to Click on Locator: id With Locator Value:LOGIN
2023-11-02 22:36:25 - BasePage_2023-11-02_22-35-16 - INFO: Locator Type Not Found text With Locator Valuetext
2023-11-02 22:36:25 - BasePage_2023-11-02_22-35-16 - INFO: Unable to Send Text on Locator: textWith Locator Value:Enter Admin
2023-11-02 22:36:25 - BasePage_2023-11-02_22-35-16 - INFO: Locator Type Not Found id With Locator Valueid
2023-11-02 22:36:25 - BasePage_2023-11-02_22-35-16 - INFO: Unable to Send Text on Locator: idWith Locator Value: 	com.skill2lead.appiumdemo:id/Edt_admin
