2023-11-03 13:11:27 - BasePage_2023-11-03_13-11-16 - INFO: Locator Type Found: id With Locator Value: com.skill2lead.appiumdemo:id/Login
2023-11-03 13:11:27 - BasePage_2023-11-03_13-11-16 - INFO: Clicked on Element with Locator Type Found: id With Locator Value: com.skill2lead.appiumdemo:id/Login
2023-11-03 13:11:28 - BasePage_2023-11-03_13-11-16 - INFO: Locator Type Found: text With Locator Value: Enter Email
2023-11-03 13:11:28 - BasePage_2023-11-03_13-11-16 - INFO: Send Text to Element with Locator Type Found: text With Locator Value: Enter Email
2023-11-03 13:11:29 - BasePage_2023-11-03_13-11-16 - INFO: Locator Type Found: text With Locator Value: Enter Password
2023-11-03 13:11:29 - BasePage_2023-11-03_13-11-16 - INFO: Send Text to Element with Locator Type Found: text With Locator Value: Enter Password
2023-11-03 13:11:30 - BasePage_2023-11-03_13-11-16 - INFO: Locator Type Found: text With Locator Value: LOGIN
2023-11-03 13:11:30 - BasePage_2023-11-03_13-11-16 - INFO: Clicked on Element with Locator Type Found: text With Locator Value: LOGIN
2023-11-03 13:11:55 - BasePage_2023-11-03_13-11-16 - INFO: Locator Type Not Found text With Locator Valuetext
2023-11-03 13:11:55 - BasePage_2023-11-03_13-11-16 - INFO: Unable Display LocatorType: textWith Locator Value:Enter Admin
2023-11-03 13:11:57 - BasePage_2023-11-03_13-11-16 - INFO: Locator Type Found: id With Locator Value: com.skill2lead.appiumdemo:id/Login
2023-11-03 13:11:57 - BasePage_2023-11-03_13-11-16 - INFO: Clicked on Element with Locator Type Found: id With Locator Value: com.skill2lead.appiumdemo:id/Login
2023-11-03 13:11:57 - BasePage_2023-11-03_13-11-16 - INFO: Locator Type Found: text With Locator Value: Enter Email
2023-11-03 13:11:58 - BasePage_2023-11-03_13-11-16 - INFO: Send Text to Element with Locator Type Found: text With Locator Value: Enter Email
2023-11-03 13:11:59 - BasePage_2023-11-03_13-11-16 - INFO: Locator Type Found: text With Locator Value: Enter Password
2023-11-03 13:11:59 - BasePage_2023-11-03_13-11-16 - INFO: Send Text to Element with Locator Type Found: text With Locator Value: Enter Password
2023-11-03 13:12:00 - BasePage_2023-11-03_13-11-16 - INFO: Locator Type Found: text With Locator Value: LOGIN
2023-11-03 13:12:00 - BasePage_2023-11-03_13-11-16 - INFO: Clicked on Element with Locator Type Found: text With Locator Value: LOGIN
2023-11-03 13:12:01 - BasePage_2023-11-03_13-11-16 - INFO: Locator Type Found: text With Locator Value: Enter Admin
2023-11-03 13:12:01 - BasePage_2023-11-03_13-11-16 - INFO: Displayed LocatorType: text With Locator Value: Enter Admin
2023-11-03 13:12:01 - BasePage_2023-11-03_13-11-16 - INFO: Locator Type Found: id With Locator Value: com.skill2lead.appiumdemo:id/Edt_admin
2023-11-03 13:12:01 - BasePage_2023-11-03_13-11-16 - INFO: Send Text to Element with Locator Type Found: id With Locator Value: com.skill2lead.appiumdemo:id/Edt_admin
2023-11-03 13:12:01 - BasePage_2023-11-03_13-11-16 - INFO: Locator Type Found: text With Locator Value: SUBMIT
2023-11-03 13:12:01 - BasePage_2023-11-03_13-11-16 - INFO: Clicked on Element with Locator Type Found: text With Locator Value: SUBMIT
