2023-11-03 13:04:07 - BasePage_2023-11-03_13-03-57 - INFO: Locator Type Found: id With Locator Value: com.skill2lead.appiumdemo:id/Login
2023-11-03 13:04:07 - BasePage_2023-11-03_13-03-57 - INFO: Clicked on Element with Locator Type Found: id With Locator Value: com.skill2lead.appiumdemo:id/Login
2023-11-03 13:04:08 - BasePage_2023-11-03_13-03-57 - INFO: Locator Type Found: text With Locator Value: Enter Email
2023-11-03 13:04:09 - BasePage_2023-11-03_13-03-57 - INFO: Send Text to Element with Locator Type Found: text With Locator Value: Enter Email
2023-11-03 13:04:09 - BasePage_2023-11-03_13-03-57 - INFO: Locator Type Found: text With Locator Value: Enter Password
2023-11-03 13:04:10 - BasePage_2023-11-03_13-03-57 - INFO: Send Text to Element with Locator Type Found: text With Locator Value: Enter Password
2023-11-03 13:04:10 - BasePage_2023-11-03_13-03-57 - INFO: Locator Type Found: text With Locator Value: LOGIN
2023-11-03 13:04:10 - BasePage_2023-11-03_13-03-57 - INFO: Clicked on Element with Locator Type Found: text With Locator Value: LOGIN
2023-11-03 13:04:35 - BasePage_2023-11-03_13-03-57 - INFO: Locator Type Not Found text With Locator Valuetext
2023-11-03 13:04:35 - BasePage_2023-11-03_13-03-57 - INFO: Unable to Send Text on Locator: textWith Locator Value:Enter Admin
2023-11-03 13:04:37 - BasePage_2023-11-03_13-03-57 - INFO: Locator Type Found: id With Locator Value: com.skill2lead.appiumdemo:id/Login
2023-11-03 13:04:37 - BasePage_2023-11-03_13-03-57 - INFO: Clicked on Element with Locator Type Found: id With Locator Value: com.skill2lead.appiumdemo:id/Login
2023-11-03 13:04:37 - BasePage_2023-11-03_13-03-57 - INFO: Locator Type Found: text With Locator Value: Enter Email
2023-11-03 13:04:38 - BasePage_2023-11-03_13-03-57 - INFO: Send Text to Element with Locator Type Found: text With Locator Value: Enter Email
2023-11-03 13:04:38 - BasePage_2023-11-03_13-03-57 - INFO: Locator Type Found: text With Locator Value: Enter Password
2023-11-03 13:04:39 - BasePage_2023-11-03_13-03-57 - INFO: Send Text to Element with Locator Type Found: text With Locator Value: Enter Password
2023-11-03 13:04:40 - BasePage_2023-11-03_13-03-57 - INFO: Locator Type Found: text With Locator Value: LOGIN
2023-11-03 13:04:40 - BasePage_2023-11-03_13-03-57 - INFO: Clicked on Element with Locator Type Found: text With Locator Value: LOGIN
2023-11-03 13:04:40 - BasePage_2023-11-03_13-03-57 - INFO: Locator Type Found: text With Locator Value: Enter Admin
2023-11-03 13:04:40 - BasePage_2023-11-03_13-03-57 - INFO: Send Text to Element with Locator Type Found: text With Locator Value: Enter Admin
2023-11-03 13:04:40 - BasePage_2023-11-03_13-03-57 - INFO: Locator Type Found: id With Locator Value: com.skill2lead.appiumdemo:id/Edt_admin
2023-11-03 13:04:40 - BasePage_2023-11-03_13-03-57 - INFO: Send Text to Element with Locator Type Found: id With Locator Value: com.skill2lead.appiumdemo:id/Edt_admin
2023-11-03 13:04:41 - BasePage_2023-11-03_13-03-57 - INFO: Locator Type Found: text With Locator Value: SUBMIT
2023-11-03 13:04:41 - BasePage_2023-11-03_13-03-57 - INFO: Clicked on Element with Locator Type Found: text With Locator Value: SUBMIT
