2023-11-03 12:50:41 - BasePage_2023-11-03_12-50-30 - INFO: Locator Type Found: id With Locator Value: com.skill2lead.appiumdemo:id/Login
2023-11-03 12:50:41 - BasePage_2023-11-03_12-50-30 - INFO: Clicked on Element with Locator Type Found: id With Locator Value: com.skill2lead.appiumdemo:id/Login
2023-11-03 12:50:42 - BasePage_2023-11-03_12-50-30 - INFO: Locator Type Found: text With Locator Value: Enter Email
2023-11-03 12:50:43 - BasePage_2023-11-03_12-50-30 - INFO: Send Text to Element with Locator Type Found: text With Locator Value: Enter Email
2023-11-03 12:50:43 - BasePage_2023-11-03_12-50-30 - INFO: Locator Type Found: text With Locator Value: Enter Password
2023-11-03 12:50:44 - BasePage_2023-11-03_12-50-30 - INFO: Send Text to Element with Locator Type Found: text With Locator Value: Enter Password
2023-11-03 12:50:44 - BasePage_2023-11-03_12-50-30 - INFO: Locator Type Found: text With Locator Value: LOGIN
2023-11-03 12:50:45 - BasePage_2023-11-03_12-50-30 - INFO: Clicked on Element with Locator Type Found: text With Locator Value: LOGIN
2023-11-03 12:51:10 - BasePage_2023-11-03_12-50-30 - INFO: Locator Type Not Found text With Locator Valuetext
2023-11-03 12:51:10 - BasePage_2023-11-03_12-50-30 - INFO: Unable to Send Text on Locator: textWith Locator Value:Enter Admin
2023-11-03 12:51:11 - BasePage_2023-11-03_12-50-30 - INFO: Locator Type Found: id With Locator Value: com.skill2lead.appiumdemo:id/Login
2023-11-03 12:51:11 - BasePage_2023-11-03_12-50-30 - INFO: Clicked on Element with Locator Type Found: id With Locator Value: com.skill2lead.appiumdemo:id/Login
2023-11-03 12:51:12 - BasePage_2023-11-03_12-50-30 - INFO: Locator Type Found: text With Locator Value: Enter Email
2023-11-03 12:51:13 - BasePage_2023-11-03_12-50-30 - INFO: Send Text to Element with Locator Type Found: text With Locator Value: Enter Email
2023-11-03 12:51:13 - BasePage_2023-11-03_12-50-30 - INFO: Locator Type Found: text With Locator Value: Enter Password
2023-11-03 12:51:14 - BasePage_2023-11-03_12-50-30 - INFO: Send Text to Element with Locator Type Found: text With Locator Value: Enter Password
2023-11-03 12:51:14 - BasePage_2023-11-03_12-50-30 - INFO: Locator Type Found: text With Locator Value: LOGIN
2023-11-03 12:51:14 - BasePage_2023-11-03_12-50-30 - INFO: Clicked on Element with Locator Type Found: text With Locator Value: LOGIN
2023-11-03 12:51:15 - BasePage_2023-11-03_12-50-30 - INFO: Locator Type Found: text With Locator Value: Enter Admin
2023-11-03 12:51:15 - BasePage_2023-11-03_12-50-30 - INFO: Send Text to Element with Locator Type Found: text With Locator Value: Enter Admin
2023-11-03 12:51:15 - BasePage_2023-11-03_12-50-30 - INFO: Locator Type Found: id With Locator Value: com.skill2lead.appiumdemo:id/Edt_admin
2023-11-03 12:51:16 - BasePage_2023-11-03_12-50-30 - INFO: Send Text to Element with Locator Type Found: id With Locator Value: com.skill2lead.appiumdemo:id/Edt_admin
2023-11-03 12:51:16 - BasePage_2023-11-03_12-50-30 - INFO: Locator Type Found: text With Locator Value: SUBMIT
2023-11-03 12:51:16 - BasePage_2023-11-03_12-50-30 - INFO: Clicked on Element with Locator Type Found: text With Locator Value: SUBMIT
