2023-11-03 12:43:51 - BasePage_2023-11-03_12-43-40 - INFO: Locator Type Found: id With Locator Value: com.skill2lead.appiumdemo:id/Login
2023-11-03 12:43:52 - BasePage_2023-11-03_12-43-40 - INFO: Clicked on Element with Locator Type Found: id With Locator Value: com.skill2lead.appiumdemo:id/Login
2023-11-03 12:43:53 - BasePage_2023-11-03_12-43-40 - INFO: Locator Type Found: text With Locator Value: Enter Email
2023-11-03 12:43:54 - BasePage_2023-11-03_12-43-40 - INFO: Send Text to Element with Locator Type Found: text With Locator Value: Enter Email
2023-11-03 12:43:54 - BasePage_2023-11-03_12-43-40 - INFO: Locator Type Found: text With Locator Value: Enter Password
2023-11-03 12:43:55 - BasePage_2023-11-03_12-43-40 - INFO: Send Text to Element with Locator Type Found: text With Locator Value: Enter Password
2023-11-03 12:43:55 - BasePage_2023-11-03_12-43-40 - INFO: Locator Type Found: text With Locator Value: LOGIN
2023-11-03 12:43:55 - BasePage_2023-11-03_12-43-40 - INFO: Clicked on Element with Locator Type Found: text With Locator Value: LOGIN
2023-11-03 12:44:20 - BasePage_2023-11-03_12-43-40 - INFO: Locator Type Not Found text With Locator Valuetext
2023-11-03 12:44:20 - BasePage_2023-11-03_12-43-40 - INFO: Unable to Send Text on Locator: textWith Locator Value:Enter Admin
2023-11-03 12:44:21 - BasePage_2023-11-03_12-43-40 - INFO: Locator Type Found: id With Locator Value: com.skill2lead.appiumdemo:id/Login
2023-11-03 12:44:22 - BasePage_2023-11-03_12-43-40 - INFO: Clicked on Element with Locator Type Found: id With Locator Value: com.skill2lead.appiumdemo:id/Login
2023-11-03 12:44:23 - BasePage_2023-11-03_12-43-40 - INFO: Locator Type Found: text With Locator Value: Enter Email
2023-11-03 12:44:23 - BasePage_2023-11-03_12-43-40 - INFO: Send Text to Element with Locator Type Found: text With Locator Value: Enter Email
2023-11-03 12:44:24 - BasePage_2023-11-03_12-43-40 - INFO: Locator Type Found: text With Locator Value: Enter Password
2023-11-03 12:44:24 - BasePage_2023-11-03_12-43-40 - INFO: Send Text to Element with Locator Type Found: text With Locator Value: Enter Password
2023-11-03 12:44:25 - BasePage_2023-11-03_12-43-40 - INFO: Locator Type Found: text With Locator Value: LOGIN
2023-11-03 12:44:25 - BasePage_2023-11-03_12-43-40 - INFO: Clicked on Element with Locator Type Found: text With Locator Value: LOGIN
2023-11-03 12:44:26 - BasePage_2023-11-03_12-43-40 - INFO: Locator Type Found: text With Locator Value: Enter Admin
2023-11-03 12:44:26 - BasePage_2023-11-03_12-43-40 - INFO: Send Text to Element with Locator Type Found: text With Locator Value: Enter Admin
2023-11-03 12:44:26 - BasePage_2023-11-03_12-43-40 - INFO: Locator Type Found: id With Locator Value: com.skill2lead.appiumdemo:id/Edt_admin
2023-11-03 12:44:26 - BasePage_2023-11-03_12-43-40 - INFO: Send Text to Element with Locator Type Found: id With Locator Value: com.skill2lead.appiumdemo:id/Edt_admin
2023-11-03 12:44:27 - BasePage_2023-11-03_12-43-40 - INFO: Locator Type Found: text With Locator Value: SUBMIT
2023-11-03 12:44:27 - BasePage_2023-11-03_12-43-40 - INFO: Clicked on Element with Locator Type Found: text With Locator Value: SUBMIT
