2023-11-03 15:26:49 - BasePage_2023-11-03_15-26-40 - INFO: Locator Type Found: id With Locator Value: com.skill2lead.appiumdemo:id/ContactUs
2023-11-03 15:26:49 - BasePage_2023-11-03_15-26-40 - INFO: Clicked on Element with Locator Type Found: id With Locator Value: com.skill2lead.appiumdemo:id/ContactUs
2023-11-03 15:26:50 - BasePage_2023-11-03_15-26-40 - INFO: Locator Type Found: text With Locator Value: Contact Us form
2023-11-03 15:26:50 - BasePage_2023-11-03_15-26-40 - INFO: Displayed LocatorType: text With Locator Value: Contact Us form
2023-11-03 15:26:50 - BasePage_2023-11-03_15-26-40 - INFO: Locator Type Found: text With Locator Value: Enter Name
2023-11-03 15:26:51 - BasePage_2023-11-03_15-26-40 - INFO: Send Text to Element with Locator Type Found: text With Locator Value: Enter Name
2023-11-03 15:26:51 - BasePage_2023-11-03_15-26-40 - INFO: Locator Type Found: text With Locator Value: Enter Email
2023-11-03 15:26:52 - BasePage_2023-11-03_15-26-40 - INFO: Send Text to Element with Locator Type Found: text With Locator Value: Enter Email
2023-11-03 15:26:52 - BasePage_2023-11-03_15-26-40 - INFO: Locator Type Found: text With Locator Value: Enter Address
2023-11-03 15:26:53 - BasePage_2023-11-03_15-26-40 - INFO: Send Text to Element with Locator Type Found: text With Locator Value: Enter Address
2023-11-03 15:26:53 - BasePage_2023-11-03_15-26-40 - INFO: Locator Type Found: text With Locator Value: Enter Mobile No
2023-11-03 15:26:54 - BasePage_2023-11-03_15-26-40 - INFO: Send Text to Element with Locator Type Found: text With Locator Value: Enter Mobile No
2023-11-03 15:26:54 - BasePage_2023-11-03_15-26-40 - INFO: Locator Type Found: text With Locator Value: SUBMIT
2023-11-03 15:26:55 - BasePage_2023-11-03_15-26-40 - INFO: Clicked on Element with Locator Type Found: text With Locator Value: SUBMIT
2023-11-03 15:27:09 - BasePage_2023-11-03_15-26-40 - INFO: Locator Type Found: id With Locator Value: com.skill2lead.appiumdemo:id/Login
2023-11-03 15:27:09 - BasePage_2023-11-03_15-26-40 - INFO: Clicked on Element with Locator Type Found: id With Locator Value: com.skill2lead.appiumdemo:id/Login
2023-11-03 15:27:10 - BasePage_2023-11-03_15-26-40 - INFO: Locator Type Found: text With Locator Value: Enter Email
2023-11-03 15:27:11 - BasePage_2023-11-03_15-26-40 - INFO: Send Text to Element with Locator Type Found: text With Locator Value: Enter Email
2023-11-03 15:27:11 - BasePage_2023-11-03_15-26-40 - INFO: Locator Type Found: text With Locator Value: Enter Password
2023-11-03 15:27:12 - BasePage_2023-11-03_15-26-40 - INFO: Send Text to Element with Locator Type Found: text With Locator Value: Enter Password
2023-11-03 15:27:13 - BasePage_2023-11-03_15-26-40 - INFO: Locator Type Found: text With Locator Value: LOGIN
2023-11-03 15:27:13 - BasePage_2023-11-03_15-26-40 - INFO: Clicked on Element with Locator Type Found: text With Locator Value: LOGIN
2023-11-03 15:27:13 - BasePage_2023-11-03_15-26-40 - INFO: Locator Type Found: text With Locator Value: Wrong Credentials
2023-11-03 15:27:13 - BasePage_2023-11-03_15-26-40 - INFO: Displayed LocatorType: text With Locator Value: Wrong Credentials
2023-11-03 15:27:39 - BasePage_2023-11-03_15-26-40 - INFO: Locator Type Not Found text With Locator Valuetext
2023-11-03 15:27:39 - BasePage_2023-11-03_15-26-40 - INFO: Unable Display LocatorType: textWith Locator Value:Enter Admin
2023-11-03 15:27:40 - BasePage_2023-11-03_15-26-40 - INFO: Locator Type Found: id With Locator Value: com.skill2lead.appiumdemo:id/Login
2023-11-03 15:27:40 - BasePage_2023-11-03_15-26-40 - INFO: Clicked on Element with Locator Type Found: id With Locator Value: com.skill2lead.appiumdemo:id/Login
2023-11-03 15:27:41 - BasePage_2023-11-03_15-26-40 - INFO: Locator Type Found: text With Locator Value: Enter Email
2023-11-03 15:27:42 - BasePage_2023-11-03_15-26-40 - INFO: Send Text to Element with Locator Type Found: text With Locator Value: Enter Email
2023-11-03 15:27:42 - BasePage_2023-11-03_15-26-40 - INFO: Locator Type Found: text With Locator Value: Enter Password
2023-11-03 15:27:43 - BasePage_2023-11-03_15-26-40 - INFO: Send Text to Element with Locator Type Found: text With Locator Value: Enter Password
2023-11-03 15:27:43 - BasePage_2023-11-03_15-26-40 - INFO: Locator Type Found: text With Locator Value: LOGIN
2023-11-03 15:27:43 - BasePage_2023-11-03_15-26-40 - INFO: Clicked on Element with Locator Type Found: text With Locator Value: LOGIN
2023-11-03 15:27:44 - BasePage_2023-11-03_15-26-40 - INFO: Locator Type Found: text With Locator Value: Enter Admin
2023-11-03 15:27:44 - BasePage_2023-11-03_15-26-40 - INFO: Displayed LocatorType: text With Locator Value: Enter Admin
2023-11-03 15:27:44 - BasePage_2023-11-03_15-26-40 - INFO: Locator Type Found: id With Locator Value: com.skill2lead.appiumdemo:id/Edt_admin
2023-11-03 15:27:45 - BasePage_2023-11-03_15-26-40 - INFO: Send Text to Element with Locator Type Found: id With Locator Value: com.skill2lead.appiumdemo:id/Edt_admin
2023-11-03 15:27:45 - BasePage_2023-11-03_15-26-40 - INFO: Locator Type Found: text With Locator Value: SUBMIT
2023-11-03 15:27:45 - BasePage_2023-11-03_15-26-40 - INFO: Clicked on Element with Locator Type Found: text With Locator Value: SUBMIT
