2023-11-03 13:14:52 - BasePage_2023-11-03_13-14-42 - INFO: Locator Type Found: id With Locator Value: com.skill2lead.appiumdemo:id/Login
2023-11-03 13:14:52 - BasePage_2023-11-03_13-14-42 - INFO: Clicked on Element with Locator Type Found: id With Locator Value: com.skill2lead.appiumdemo:id/Login
2023-11-03 13:14:53 - BasePage_2023-11-03_13-14-42 - INFO: Locator Type Found: text With Locator Value: Enter Email
2023-11-03 13:14:53 - BasePage_2023-11-03_13-14-42 - INFO: Send Text to Element with Locator Type Found: text With Locator Value: Enter Email
2023-11-03 13:14:54 - BasePage_2023-11-03_13-14-42 - INFO: Locator Type Found: text With Locator Value: Enter Password
2023-11-03 13:14:54 - BasePage_2023-11-03_13-14-42 - INFO: Send Text to Element with Locator Type Found: text With Locator Value: Enter Password
2023-11-03 13:14:55 - BasePage_2023-11-03_13-14-42 - INFO: Locator Type Found: text With Locator Value: LOGIN
2023-11-03 13:14:55 - BasePage_2023-11-03_13-14-42 - INFO: Clicked on Element with Locator Type Found: text With Locator Value: LOGIN
2023-11-03 13:14:55 - BasePage_2023-11-03_13-14-42 - INFO: Locator Type Found: text With Locator Value: Wrong Credentials
2023-11-03 13:14:55 - BasePage_2023-11-03_13-14-42 - INFO: Displayed LocatorType: text With Locator Value: Wrong Credentials
2023-11-03 13:15:21 - BasePage_2023-11-03_13-14-42 - INFO: Locator Type Not Found text With Locator Valuetext
2023-11-03 13:15:21 - BasePage_2023-11-03_13-14-42 - INFO: Unable Display LocatorType: textWith Locator Value:Enter Admin
2023-11-03 13:15:23 - BasePage_2023-11-03_13-14-42 - INFO: Locator Type Found: id With Locator Value: com.skill2lead.appiumdemo:id/Login
2023-11-03 13:15:23 - BasePage_2023-11-03_13-14-42 - INFO: Clicked on Element with Locator Type Found: id With Locator Value: com.skill2lead.appiumdemo:id/Login
2023-11-03 13:15:24 - BasePage_2023-11-03_13-14-42 - INFO: Locator Type Found: text With Locator Value: Enter Email
2023-11-03 13:15:24 - BasePage_2023-11-03_13-14-42 - INFO: Send Text to Element with Locator Type Found: text With Locator Value: Enter Email
2023-11-03 13:15:25 - BasePage_2023-11-03_13-14-42 - INFO: Locator Type Found: text With Locator Value: Enter Password
2023-11-03 13:15:25 - BasePage_2023-11-03_13-14-42 - INFO: Send Text to Element with Locator Type Found: text With Locator Value: Enter Password
2023-11-03 13:15:26 - BasePage_2023-11-03_13-14-42 - INFO: Locator Type Found: text With Locator Value: LOGIN
2023-11-03 13:15:26 - BasePage_2023-11-03_13-14-42 - INFO: Clicked on Element with Locator Type Found: text With Locator Value: LOGIN
2023-11-03 13:15:27 - BasePage_2023-11-03_13-14-42 - INFO: Locator Type Found: text With Locator Value: Enter Admin
2023-11-03 13:15:27 - BasePage_2023-11-03_13-14-42 - INFO: Displayed LocatorType: text With Locator Value: Enter Admin
2023-11-03 13:15:27 - BasePage_2023-11-03_13-14-42 - INFO: Locator Type Found: id With Locator Value: com.skill2lead.appiumdemo:id/Edt_admin
2023-11-03 13:15:28 - BasePage_2023-11-03_13-14-42 - INFO: Send Text to Element with Locator Type Found: id With Locator Value: com.skill2lead.appiumdemo:id/Edt_admin
2023-11-03 13:15:28 - BasePage_2023-11-03_13-14-42 - INFO: Locator Type Found: text With Locator Value: SUBMIT
2023-11-03 13:15:28 - BasePage_2023-11-03_13-14-42 - INFO: Clicked on Element with Locator Type Found: text With Locator Value: SUBMIT
